{"C:\\Users\\Cisco\\Desktop\\Image-Processesing-API\\src\\index.ts": {"path":"C:\\Users\\Cisco\\Desktop\\Image-Processesing-API\\src\\index.ts","statementMap":{"0":{"start":{"line":1,"column":0},"end":{"line":1,"column":46}},"1":{"start":{"line":2,"column":0},"end":{"line":2,"column":46}},"2":{"start":{"line":4,"column":25},"end":{"line":4,"column":34}},"3":{"start":{"line":8,"column":0},"end":{"line":8,"column":null}},"4":{"start":{"line":12,"column":13},"end":{"line":12,"column":17}},"5":{"start":{"line":14,"column":0},"end":{"line":14,"column":null}},"6":{"start":{"line":14,"column":29},"end":{"line":14,"column":75}},"7":{"start":{"line":16,"column":0},"end":{"line":16,"column":null}}},"fnMap":{"0":{"name":"(anonymous_1)","decl":{"start":{"line":14,"column":17},"end":{"line":14,"column":29}},"loc":{"start":{"line":14,"column":17},"end":{"line":14,"column":36}}}},"branchMap":{},"s":{"0":1,"1":1,"2":1,"3":1,"4":1,"5":1,"6":1,"7":1},"f":{"0":1},"b":{}}
,"C:\\Users\\Cisco\\Desktop\\Image-Processesing-API\\src\\controllers\\imageCtrl.ts": {"path":"C:\\Users\\Cisco\\Desktop\\Image-Processesing-API\\src\\controllers\\imageCtrl.ts","statementMap":{"0":{"start":{"line":2,"column":0},"end":{"line":2,"column":51}},"1":{"start":{"line":3,"column":0},"end":{"line":3,"column":24}},"2":{"start":{"line":4,"column":0},"end":{"line":4,"column":23}},"3":{"start":{"line":6,"column":18},"end":{"line":55,"column":null}},"4":{"start":{"line":7,"column":51},"end":{"line":17,"column":null}},"5":{"start":{"line":8,"column":14},"end":{"line":8,"column":null}},"6":{"start":{"line":9,"column":8},"end":{"line":16,"column":null}},"7":{"start":{"line":10,"column":12},"end":{"line":12,"column":null}},"8":{"start":{"line":11,"column":16},"end":{"line":11,"column":null}},"9":{"start":{"line":13,"column":12},"end":{"line":13,"column":null}},"10":{"start":{"line":15,"column":12},"end":{"line":15,"column":null}},"11":{"start":{"line":18,"column":51},"end":{"line":27,"column":null}},"12":{"start":{"line":19,"column":12},"end":{"line":19,"column":null}},"13":{"start":{"line":20,"column":16},"end":{"line":20,"column":23}},"14":{"start":{"line":21,"column":8},"end":{"line":21,"column":null}},"15":{"start":{"line":22,"column":8},"end":{"line":24,"column":null}},"16":{"start":{"line":23,"column":12},"end":{"line":23,"column":null}},"17":{"start":{"line":26,"column":8},"end":{"line":26,"column":null}},"18":{"start":{"line":29,"column":51},"end":{"line":54,"column":null}},"19":{"start":{"line":30,"column":12},"end":{"line":30,"column":null}},"20":{"start":{"line":31,"column":14},"end":{"line":31,"column":null}},"21":{"start":{"line":32,"column":14},"end":{"line":32,"column":null}},"22":{"start":{"line":33,"column":14},"end":{"line":33,"column":null}},"23":{"start":{"line":35,"column":12},"end":{"line":35,"column":17}},"24":{"start":{"line":36,"column":12},"end":{"line":36,"column":null}},"25":{"start":{"line":37,"column":12},"end":{"line":37,"column":null}},"26":{"start":{"line":39,"column":18},"end":{"line":39,"column":null}},"27":{"start":{"line":40,"column":16},"end":{"line":40,"column":17}},"28":{"start":{"line":42,"column":16},"end":{"line":42,"column":null}},"29":{"start":{"line":44,"column":36},"end":{"line":44,"column":null}},"30":{"start":{"line":44,"column":22},"end":{"line":44,"column":null}},"31":{"start":{"line":46,"column":16},"end":{"line":50,"column":null}},"32":{"start":{"line":47,"column":20},"end":{"line":48,"column":null}},"33":{"start":{"line":49,"column":20},"end":{"line":49,"column":null}},"34":{"start":{"line":51,"column":16},"end":{"line":51,"column":null}},"35":{"start":{"line":57,"column":0},"end":{"line":57,"column":null}}},"fnMap":{"0":{"name":"(anonymous_20)","decl":{"start":{"line":7,"column":17},"end":{"line":7,"column":24}},"loc":{"start":{"line":7,"column":51},"end":{"line":17,"column":null}}},"1":{"name":"(anonymous_21)","decl":{"start":{"line":7,"column":51},"end":{"line":7,"column":null}},"loc":{"start":{"line":7,"column":51},"end":{"line":17,"column":null}}},"2":{"name":"(anonymous_23)","decl":{"start":{"line":9,"column":31},"end":{"line":9,"column":32}},"loc":{"start":{"line":9,"column":44},"end":{"line":16,"column":9}}},"3":{"name":"(anonymous_24)","decl":{"start":{"line":18,"column":17},"end":{"line":18,"column":24}},"loc":{"start":{"line":18,"column":51},"end":{"line":27,"column":null}}},"4":{"name":"(anonymous_25)","decl":{"start":{"line":18,"column":51},"end":{"line":18,"column":null}},"loc":{"start":{"line":18,"column":51},"end":{"line":27,"column":null}}},"5":{"name":"(anonymous_27)","decl":{"start":{"line":29,"column":17},"end":{"line":29,"column":24}},"loc":{"start":{"line":29,"column":51},"end":{"line":54,"column":null}}},"6":{"name":"(anonymous_28)","decl":{"start":{"line":29,"column":51},"end":{"line":29,"column":null}},"loc":{"start":{"line":29,"column":51},"end":{"line":54,"column":null}}}},"branchMap":{"0":{"loc":{"start":{"line":10,"column":12},"end":{"line":12,"column":null}},"type":"if","locations":[{"start":{"line":10,"column":12},"end":{"line":12,"column":null}}]},"1":{"loc":{"start":{"line":21,"column":8},"end":{"line":21,"column":116}},"type":"cond-expr","locations":[{"start":{"line":21,"column":42},"end":{"line":21,"column":86}},{"start":{"line":21,"column":90},"end":{"line":21,"column":115}}]},"2":{"loc":{"start":{"line":22,"column":8},"end":{"line":24,"column":null}},"type":"if","locations":[{"start":{"line":22,"column":8},"end":{"line":24,"column":null}}]},"3":{"loc":{"start":{"line":32,"column":30},"end":{"line":32,"column":87}},"type":"cond-expr","locations":[{"start":{"line":32,"column":48},"end":{"line":32,"column":83}},{"start":{"line":32,"column":86},"end":{"line":32,"column":87}}]},"4":{"loc":{"start":{"line":33,"column":31},"end":{"line":33,"column":90}},"type":"cond-expr","locations":[{"start":{"line":33,"column":50},"end":{"line":33,"column":86}},{"start":{"line":33,"column":89},"end":{"line":33,"column":90}}]},"5":{"loc":{"start":{"line":35,"column":12},"end":{"line":35,"column":17}},"type":"if","locations":[{"start":{"line":35,"column":12},"end":{"line":35,"column":17}}]},"6":{"loc":{"start":{"line":35,"column":12},"end":{"line":35,"column":70}},"type":"binary-expr","locations":[{"start":{"line":35,"column":12},"end":{"line":35,"column":24}},{"start":{"line":35,"column":28},"end":{"line":35,"column":41}},{"start":{"line":35,"column":45},"end":{"line":35,"column":55}},{"start":{"line":35,"column":59},"end":{"line":35,"column":70}}]},"7":{"loc":{"start":{"line":40,"column":16},"end":{"line":40,"column":17}},"type":"if","locations":[{"start":{"line":40,"column":16},"end":{"line":40,"column":17}}]},"8":{"loc":{"start":{"line":46,"column":16},"end":{"line":50,"column":null}},"type":"if","locations":[{"start":{"line":46,"column":16},"end":{"line":50,"column":null}}]}},"s":{"0":1,"1":1,"2":1,"3":1,"4":1,"5":1,"6":1,"7":1,"8":0,"9":1,"10":1,"11":1,"12":1,"13":1,"14":1,"15":1,"16":0,"17":1,"18":1,"19":1,"20":1,"21":1,"22":1,"23":2,"24":0,"25":0,"26":1,"27":1,"28":1,"29":1,"30":1,"31":1,"32":0,"33":0,"34":1,"35":1},"f":{"0":1,"1":1,"2":1,"3":1,"4":1,"5":1,"6":1},"b":{"0":[0],"1":[1,0],"2":[0],"3":[1,0],"4":[1,0],"5":[1],"6":[1,1,1,1],"7":[0],"8":[0]}}
,"C:\\Users\\Cisco\\Desktop\\Image-Processesing-API\\src\\routes\\imageRouter.ts": {"path":"C:\\Users\\Cisco\\Desktop\\Image-Processesing-API\\src\\routes\\imageRouter.ts","statementMap":{"0":{"start":{"line":1,"column":0},"end":{"line":1,"column":32}},"1":{"start":{"line":2,"column":0},"end":{"line":2,"column":48}},"2":{"start":{"line":4,"column":15},"end":{"line":4,"column":23}},"3":{"start":{"line":6,"column":0},"end":{"line":6,"column":null}},"4":{"start":{"line":8,"column":0},"end":{"line":8,"column":null}},"5":{"start":{"line":10,"column":0},"end":{"line":10,"column":null}},"6":{"start":{"line":12,"column":0},"end":{"line":12,"column":null}}},"fnMap":{},"branchMap":{},"s":{"0":1,"1":1,"2":1,"3":1,"4":1,"5":1,"6":1},"f":{},"b":{}}
,"C:\\Users\\Cisco\\Desktop\\Image-Processesing-API\\src\\services\\imageService.ts": {"path":"C:\\Users\\Cisco\\Desktop\\Image-Processesing-API\\src\\services\\imageService.ts","statementMap":{"0":{"start":{"line":1,"column":0},"end":{"line":1,"column":25}},"1":{"start":{"line":4,"column":0},"end":{"line":4,"column":13}},"2":{"start":{"line":5,"column":10},"end":{"line":13,"column":null}},"3":{"start":{"line":7,"column":32},"end":{"line":7,"column":null}},"4":{"start":{"line":7,"column":18},"end":{"line":7,"column":null}},"5":{"start":{"line":8,"column":12},"end":{"line":8,"column":null}},"6":{"start":{"line":11,"column":12},"end":{"line":11,"column":null}},"7":{"start":{"line":14,"column":0},"end":{"line":14,"column":null}},"8":{"start":{"line":4,"column":13},"end":{"line":4,"column":25}},"9":{"start":{"line":16,"column":0},"end":{"line":16,"column":null}}},"fnMap":{"0":{"name":"(anonymous_14)","decl":{"start":{"line":4,"column":0},"end":{"line":4,"column":13}},"loc":{"start":{"line":4,"column":0},"end":{"line":14,"column":null}}},"1":{"name":"(anonymous_16)","decl":{"start":{"line":5,"column":4},"end":{"line":5,"column":10}},"loc":{"start":{"line":5,"column":88},"end":{"line":13,"column":null}}}},"branchMap":{},"s":{"0":2,"1":2,"2":2,"3":2,"4":2,"5":2,"6":0,"7":2,"8":2,"9":2},"f":{"0":4,"1":2},"b":{}}
}
