{"C:\\Users\\Cisco\\Desktop\\Image Processor\\Image-Processesing-API\\src\\index.ts": {"path":"C:\\Users\\Cisco\\Desktop\\Image Processor\\Image-Processesing-API\\src\\index.ts","statementMap":{"0":{"start":{"line":1,"column":0},"end":{"line":1,"column":46}},"1":{"start":{"line":2,"column":0},"end":{"line":2,"column":46}},"2":{"start":{"line":4,"column":25},"end":{"line":4,"column":34}},"3":{"start":{"line":8,"column":0},"end":{"line":8,"column":null}},"4":{"start":{"line":12,"column":13},"end":{"line":12,"column":17}},"5":{"start":{"line":14,"column":0},"end":{"line":14,"column":null}},"6":{"start":{"line":14,"column":29},"end":{"line":14,"column":75}},"7":{"start":{"line":16,"column":0},"end":{"line":16,"column":null}}},"fnMap":{"0":{"name":"(anonymous_1)","decl":{"start":{"line":14,"column":17},"end":{"line":14,"column":29}},"loc":{"start":{"line":14,"column":17},"end":{"line":14,"column":36}}}},"branchMap":{},"s":{"0":1,"1":1,"2":1,"3":1,"4":1,"5":1,"6":1,"7":1},"f":{"0":1},"b":{}}
,"C:\\Users\\Cisco\\Desktop\\Image Processor\\Image-Processesing-API\\src\\controllers\\imageCtrl.ts": {"path":"C:\\Users\\Cisco\\Desktop\\Image Processor\\Image-Processesing-API\\src\\controllers\\imageCtrl.ts","statementMap":{"0":{"start":{"line":2,"column":0},"end":{"line":2,"column":51}},"1":{"start":{"line":3,"column":0},"end":{"line":3,"column":24}},"2":{"start":{"line":5,"column":18},"end":{"line":41,"column":null}},"3":{"start":{"line":6,"column":51},"end":{"line":16,"column":null}},"4":{"start":{"line":7,"column":14},"end":{"line":7,"column":null}},"5":{"start":{"line":8,"column":8},"end":{"line":15,"column":null}},"6":{"start":{"line":9,"column":12},"end":{"line":11,"column":null}},"7":{"start":{"line":10,"column":16},"end":{"line":10,"column":null}},"8":{"start":{"line":12,"column":12},"end":{"line":12,"column":null}},"9":{"start":{"line":14,"column":12},"end":{"line":14,"column":null}},"10":{"start":{"line":17,"column":51},"end":{"line":28,"column":null}},"11":{"start":{"line":18,"column":12},"end":{"line":18,"column":null}},"12":{"start":{"line":19,"column":16},"end":{"line":19,"column":23}},"13":{"start":{"line":20,"column":8},"end":{"line":25,"column":null}},"14":{"start":{"line":21,"column":12},"end":{"line":23,"column":null}},"15":{"start":{"line":22,"column":16},"end":{"line":22,"column":null}},"16":{"start":{"line":24,"column":12},"end":{"line":24,"column":null}},"17":{"start":{"line":27,"column":8},"end":{"line":27,"column":null}},"18":{"start":{"line":30,"column":51},"end":{"line":40,"column":null}},"19":{"start":{"line":31,"column":14},"end":{"line":31,"column":null}},"20":{"start":{"line":32,"column":14},"end":{"line":32,"column":null}},"21":{"start":{"line":33,"column":14},"end":{"line":33,"column":null}},"22":{"start":{"line":35,"column":14},"end":{"line":35,"column":null}},"23":{"start":{"line":36,"column":28},"end":{"line":36,"column":null}},"24":{"start":{"line":36,"column":14},"end":{"line":36,"column":null}},"25":{"start":{"line":37,"column":8},"end":{"line":37,"column":null}},"26":{"start":{"line":39,"column":8},"end":{"line":39,"column":null}},"27":{"start":{"line":43,"column":0},"end":{"line":43,"column":null}}},"fnMap":{"0":{"name":"(anonymous_20)","decl":{"start":{"line":6,"column":17},"end":{"line":6,"column":24}},"loc":{"start":{"line":6,"column":51},"end":{"line":16,"column":null}}},"1":{"name":"(anonymous_21)","decl":{"start":{"line":6,"column":51},"end":{"line":6,"column":null}},"loc":{"start":{"line":6,"column":51},"end":{"line":16,"column":null}}},"2":{"name":"(anonymous_23)","decl":{"start":{"line":8,"column":31},"end":{"line":8,"column":32}},"loc":{"start":{"line":8,"column":44},"end":{"line":15,"column":9}}},"3":{"name":"(anonymous_24)","decl":{"start":{"line":17,"column":17},"end":{"line":17,"column":24}},"loc":{"start":{"line":17,"column":51},"end":{"line":28,"column":null}}},"4":{"name":"(anonymous_25)","decl":{"start":{"line":17,"column":51},"end":{"line":17,"column":null}},"loc":{"start":{"line":17,"column":51},"end":{"line":28,"column":null}}},"5":{"name":"(anonymous_27)","decl":{"start":{"line":20,"column":38},"end":{"line":20,"column":39}},"loc":{"start":{"line":20,"column":48},"end":{"line":25,"column":9}}},"6":{"name":"(anonymous_28)","decl":{"start":{"line":30,"column":17},"end":{"line":30,"column":24}},"loc":{"start":{"line":30,"column":51},"end":{"line":40,"column":null}}},"7":{"name":"(anonymous_29)","decl":{"start":{"line":30,"column":51},"end":{"line":30,"column":null}},"loc":{"start":{"line":30,"column":51},"end":{"line":40,"column":null}}}},"branchMap":{"0":{"loc":{"start":{"line":9,"column":12},"end":{"line":11,"column":null}},"type":"if","locations":[{"start":{"line":9,"column":12},"end":{"line":11,"column":null}}]},"1":{"loc":{"start":{"line":21,"column":12},"end":{"line":23,"column":null}},"type":"if","locations":[{"start":{"line":21,"column":12},"end":{"line":23,"column":null}}]},"2":{"loc":{"start":{"line":24,"column":12},"end":{"line":24,"column":68}},"type":"cond-expr","locations":[{"start":{"line":24,"column":20},"end":{"line":24,"column":51}},{"start":{"line":24,"column":54},"end":{"line":24,"column":68}}]},"3":{"loc":{"start":{"line":32,"column":22},"end":{"line":32,"column":79}},"type":"cond-expr","locations":[{"start":{"line":32,"column":40},"end":{"line":32,"column":75}},{"start":{"line":32,"column":78},"end":{"line":32,"column":79}}]},"4":{"loc":{"start":{"line":33,"column":23},"end":{"line":33,"column":82}},"type":"cond-expr","locations":[{"start":{"line":33,"column":42},"end":{"line":33,"column":78}},{"start":{"line":33,"column":81},"end":{"line":33,"column":82}}]}},"s":{"0":1,"1":1,"2":1,"3":1,"4":1,"5":1,"6":1,"7":0,"8":1,"9":1,"10":1,"11":1,"12":1,"13":1,"14":1,"15":0,"16":1,"17":1,"18":1,"19":1,"20":1,"21":1,"22":1,"23":1,"24":1,"25":1,"26":1,"27":1},"f":{"0":1,"1":1,"2":1,"3":1,"4":1,"5":1,"6":1,"7":1},"b":{"0":[0],"1":[0],"2":[0,1],"3":[1,0],"4":[1,0]}}
,"C:\\Users\\Cisco\\Desktop\\Image Processor\\Image-Processesing-API\\src\\routes\\imageRouter.ts": {"path":"C:\\Users\\Cisco\\Desktop\\Image Processor\\Image-Processesing-API\\src\\routes\\imageRouter.ts","statementMap":{"0":{"start":{"line":1,"column":0},"end":{"line":1,"column":32}},"1":{"start":{"line":2,"column":0},"end":{"line":2,"column":48}},"2":{"start":{"line":4,"column":15},"end":{"line":4,"column":23}},"3":{"start":{"line":6,"column":0},"end":{"line":6,"column":null}},"4":{"start":{"line":8,"column":0},"end":{"line":8,"column":null}},"5":{"start":{"line":10,"column":0},"end":{"line":10,"column":null}},"6":{"start":{"line":12,"column":0},"end":{"line":12,"column":null}}},"fnMap":{},"branchMap":{},"s":{"0":1,"1":1,"2":1,"3":1,"4":1,"5":1,"6":1},"f":{},"b":{}}
,"C:\\Users\\Cisco\\Desktop\\Image Processor\\Image-Processesing-API\\src\\services\\imageService.ts": {"path":"C:\\Users\\Cisco\\Desktop\\Image Processor\\Image-Processesing-API\\src\\services\\imageService.ts","statementMap":{"0":{"start":{"line":1,"column":0},"end":{"line":1,"column":25}},"1":{"start":{"line":4,"column":0},"end":{"line":4,"column":13}},"2":{"start":{"line":5,"column":10},"end":{"line":13,"column":null}},"3":{"start":{"line":7,"column":32},"end":{"line":7,"column":null}},"4":{"start":{"line":7,"column":18},"end":{"line":7,"column":null}},"5":{"start":{"line":8,"column":12},"end":{"line":8,"column":null}},"6":{"start":{"line":11,"column":12},"end":{"line":11,"column":null}},"7":{"start":{"line":14,"column":0},"end":{"line":14,"column":null}},"8":{"start":{"line":4,"column":13},"end":{"line":4,"column":25}},"9":{"start":{"line":16,"column":0},"end":{"line":16,"column":null}}},"fnMap":{"0":{"name":"(anonymous_14)","decl":{"start":{"line":4,"column":0},"end":{"line":4,"column":13}},"loc":{"start":{"line":4,"column":0},"end":{"line":14,"column":null}}},"1":{"name":"(anonymous_16)","decl":{"start":{"line":5,"column":4},"end":{"line":5,"column":10}},"loc":{"start":{"line":5,"column":88},"end":{"line":13,"column":null}}}},"branchMap":{},"s":{"0":2,"1":2,"2":2,"3":2,"4":2,"5":1,"6":1,"7":2,"8":2,"9":2},"f":{"0":4,"1":2},"b":{}}
}
