TN:
SF:src\index.ts
FN:14,(anonymous_1)
FNF:1
FNH:1
FNDA:1,(anonymous_1)
DA:1,1
DA:2,1
DA:4,1
DA:8,1
DA:12,1
DA:14,1
DA:16,1
LF:7
LH:7
BRF:0
BRH:0
end_of_record
TN:
SF:src\controllers\imageCtrl.ts
FN:6,(anonymous_20)
FN:6,(anonymous_21)
FN:8,(anonymous_23)
FN:17,(anonymous_24)
FN:17,(anonymous_25)
FN:20,(anonymous_27)
FN:30,(anonymous_28)
FN:30,(anonymous_29)
FNF:8
FNH:8
FNDA:1,(anonymous_20)
FNDA:1,(anonymous_21)
FNDA:1,(anonymous_23)
FNDA:1,(anonymous_24)
FNDA:1,(anonymous_25)
FNDA:1,(anonymous_27)
FNDA:1,(anonymous_28)
FNDA:1,(anonymous_29)
DA:2,1
DA:3,1
DA:5,1
DA:6,1
DA:7,1
DA:8,1
DA:9,1
DA:10,0
DA:12,1
DA:14,1
DA:17,1
DA:18,1
DA:19,1
DA:20,1
DA:21,1
DA:22,0
DA:24,1
DA:27,1
DA:30,1
DA:31,1
DA:32,1
DA:33,1
DA:35,1
DA:36,1
DA:37,1
DA:39,1
DA:43,1
LF:27
LH:25
BRDA:9,0,0,0
BRDA:21,1,0,0
BRDA:24,2,0,0
BRDA:24,2,1,1
BRDA:32,3,0,1
BRDA:32,3,1,0
BRDA:33,4,0,1
BRDA:33,4,1,0
BRF:8
BRH:3
end_of_record
TN:
SF:src\routes\imageRouter.ts
FNF:0
FNH:0
DA:1,1
DA:2,1
DA:4,1
DA:6,1
DA:8,1
DA:10,1
DA:12,1
LF:7
LH:7
BRF:0
BRH:0
end_of_record
TN:
SF:src\services\imageService.ts
FN:4,(anonymous_14)
FN:5,(anonymous_16)
FNF:2
FNH:2
FNDA:4,(anonymous_14)
FNDA:2,(anonymous_16)
DA:1,2
DA:4,2
DA:5,2
DA:7,2
DA:8,1
DA:11,1
DA:14,2
DA:16,2
LF:8
LH:8
BRF:0
BRH:0
end_of_record
