TN:
SF:src\index.ts
FN:14,(anonymous_1)
FNF:1
FNH:1
FNDA:1,(anonymous_1)
DA:1,1
DA:2,1
DA:4,1
DA:8,1
DA:12,1
DA:14,1
DA:16,1
LF:7
LH:7
BRF:0
BRH:0
end_of_record
TN:
SF:src\controllers\imageCtrl.ts
FN:7,(anonymous_20)
FN:7,(anonymous_21)
FN:9,(anonymous_23)
FN:18,(anonymous_24)
FN:18,(anonymous_25)
FN:29,(anonymous_27)
FN:29,(anonymous_28)
FNF:7
FNH:7
FNDA:1,(anonymous_20)
FNDA:1,(anonymous_21)
FNDA:1,(anonymous_23)
FNDA:1,(anonymous_24)
FNDA:1,(anonymous_25)
FNDA:1,(anonymous_27)
FNDA:1,(anonymous_28)
DA:2,1
DA:3,1
DA:4,1
DA:6,1
DA:7,1
DA:8,1
DA:9,1
DA:10,1
DA:11,0
DA:13,1
DA:15,1
DA:18,1
DA:19,1
DA:20,1
DA:21,1
DA:22,1
DA:23,0
DA:26,1
DA:29,1
DA:30,1
DA:31,1
DA:32,1
DA:33,1
DA:35,2
DA:36,0
DA:37,0
DA:39,1
DA:40,1
DA:42,1
DA:44,1
DA:46,1
DA:47,0
DA:49,0
DA:51,1
DA:57,1
LF:35
LH:29
BRDA:10,0,0,0
BRDA:21,1,0,1
BRDA:21,1,1,0
BRDA:22,2,0,0
BRDA:32,3,0,1
BRDA:32,3,1,0
BRDA:33,4,0,1
BRDA:33,4,1,0
BRDA:35,5,0,1
BRDA:35,6,0,1
BRDA:35,6,1,1
BRDA:35,6,2,1
BRDA:35,6,3,1
BRDA:40,7,0,0
BRDA:46,8,0,0
BRF:15
BRH:8
end_of_record
TN:
SF:src\routes\imageRouter.ts
FNF:0
FNH:0
DA:1,1
DA:2,1
DA:4,1
DA:6,1
DA:8,1
DA:10,1
DA:12,1
LF:7
LH:7
BRF:0
BRH:0
end_of_record
TN:
SF:src\services\imageService.ts
FN:4,(anonymous_14)
FN:5,(anonymous_16)
FNF:2
FNH:2
FNDA:4,(anonymous_14)
FNDA:2,(anonymous_16)
DA:1,2
DA:4,2
DA:5,2
DA:7,2
DA:8,2
DA:11,0
DA:14,2
DA:16,2
LF:8
LH:7
BRF:0
BRH:0
end_of_record
